  Solid.cpp
C:\Users\nasty\Downloads\Telegram Desktop\OpenGL\191007\MySolid\MySolid\Solid.cpp(26,50): warning C4305: 'initializing': truncation from 'double' to 'GLfloat'
C:\Users\nasty\Downloads\Telegram Desktop\OpenGL\191007\MySolid\MySolid\Solid.cpp(33,49): warning C4305: 'initializing': truncation from 'double' to 'GLfloat'
C:\Users\nasty\Downloads\Telegram Desktop\OpenGL\191007\MySolid\MySolid\Solid.cpp(45,50): warning C4305: 'initializing': truncation from 'double' to 'GLfloat'
C:\Users\nasty\Downloads\Telegram Desktop\OpenGL\191007\MySolid\MySolid\Solid.cpp(151,19): warning C4305: '=': truncation from 'double' to 'GLfloat'
C:\Users\nasty\Downloads\Telegram Desktop\OpenGL\191007\MySolid\MySolid\Solid.cpp(152,19): warning C4305: '=': truncation from 'double' to 'GLfloat'
C:\Users\nasty\Downloads\Telegram Desktop\OpenGL\191007\MySolid\MySolid\Solid.cpp(158,23): warning C4305: 'argument': truncation from 'double' to 'GLfloat'
C:\Users\nasty\Downloads\Telegram Desktop\OpenGL\191007\MySolid\MySolid\Solid.cpp(159,26): warning C4305: 'argument': truncation from 'double' to 'GLfloat'
C:\Users\nasty\Downloads\Telegram Desktop\OpenGL\191007\MySolid\MySolid\Solid.cpp(160,27): warning C4305: 'argument': truncation from 'double' to 'GLfloat'
C:\Users\nasty\Downloads\Telegram Desktop\OpenGL\191007\MySolid\MySolid\Solid.cpp(161,27): warning C4305: 'argument': truncation from 'double' to 'GLfloat'
C:\Users\nasty\Downloads\Telegram Desktop\OpenGL\191007\MySolid\MySolid\Solid.cpp(162,26): warning C4305: 'argument': truncation from 'double' to 'GLfloat'
C:\Users\nasty\Downloads\Telegram Desktop\OpenGL\191007\MySolid\MySolid\Solid.cpp(165,19): warning C4305: '=': truncation from 'double' to 'GLfloat'
C:\Users\nasty\Downloads\Telegram Desktop\OpenGL\191007\MySolid\MySolid\Solid.cpp(166,19): warning C4305: '=': truncation from 'double' to 'GLfloat'
C:\Users\nasty\Downloads\Telegram Desktop\OpenGL\191007\MySolid\MySolid\Solid.cpp(172,24): warning C4305: 'argument': truncation from 'double' to 'GLfloat'
C:\Users\nasty\Downloads\Telegram Desktop\OpenGL\191007\MySolid\MySolid\Solid.cpp(173,26): warning C4305: 'argument': truncation from 'double' to 'GLfloat'
C:\Users\nasty\Downloads\Telegram Desktop\OpenGL\191007\MySolid\MySolid\Solid.cpp(174,26): warning C4305: 'argument': truncation from 'double' to 'GLfloat'
C:\Users\nasty\Downloads\Telegram Desktop\OpenGL\191007\MySolid\MySolid\Solid.cpp(175,26): warning C4305: 'argument': truncation from 'double' to 'GLfloat'
C:\Users\nasty\Downloads\Telegram Desktop\OpenGL\191007\MySolid\MySolid\Solid.cpp(176,26): warning C4305: 'argument': truncation from 'double' to 'GLfloat'
C:\Users\nasty\Downloads\Telegram Desktop\OpenGL\191007\MySolid\MySolid\Solid.cpp(179,19): warning C4305: '=': truncation from 'double' to 'GLfloat'
C:\Users\nasty\Downloads\Telegram Desktop\OpenGL\191007\MySolid\MySolid\Solid.cpp(180,19): warning C4305: '=': truncation from 'double' to 'GLfloat'
C:\Users\nasty\Downloads\Telegram Desktop\OpenGL\191007\MySolid\MySolid\Solid.cpp(186,25): warning C4305: 'argument': truncation from 'double' to 'GLfloat'
C:\Users\nasty\Downloads\Telegram Desktop\OpenGL\191007\MySolid\MySolid\Solid.cpp(187,26): warning C4305: 'argument': truncation from 'double' to 'GLfloat'
C:\Users\nasty\Downloads\Telegram Desktop\OpenGL\191007\MySolid\MySolid\Solid.cpp(188,27): warning C4305: 'argument': truncation from 'double' to 'GLfloat'
C:\Users\nasty\Downloads\Telegram Desktop\OpenGL\191007\MySolid\MySolid\Solid.cpp(189,27): warning C4305: 'argument': truncation from 'double' to 'GLfloat'
C:\Users\nasty\Downloads\Telegram Desktop\OpenGL\191007\MySolid\MySolid\Solid.cpp(190,26): warning C4305: 'argument': truncation from 'double' to 'GLfloat'
C:\Users\nasty\Downloads\Telegram Desktop\OpenGL\191007\MySolid\MySolid\Solid.cpp(193,19): warning C4305: '=': truncation from 'double' to 'GLfloat'
C:\Users\nasty\Downloads\Telegram Desktop\OpenGL\191007\MySolid\MySolid\Solid.cpp(194,19): warning C4305: '=': truncation from 'double' to 'GLfloat'
C:\Users\nasty\Downloads\Telegram Desktop\OpenGL\191007\MySolid\MySolid\Solid.cpp(200,26): warning C4305: 'argument': truncation from 'double' to 'GLfloat'
C:\Users\nasty\Downloads\Telegram Desktop\OpenGL\191007\MySolid\MySolid\Solid.cpp(201,27): warning C4305: 'argument': truncation from 'double' to 'GLfloat'
C:\Users\nasty\Downloads\Telegram Desktop\OpenGL\191007\MySolid\MySolid\Solid.cpp(202,27): warning C4305: 'argument': truncation from 'double' to 'GLfloat'
C:\Users\nasty\Downloads\Telegram Desktop\OpenGL\191007\MySolid\MySolid\Solid.cpp(203,27): warning C4305: 'argument': truncation from 'double' to 'GLfloat'
C:\Users\nasty\Downloads\Telegram Desktop\OpenGL\191007\MySolid\MySolid\Solid.cpp(204,27): warning C4305: 'argument': truncation from 'double' to 'GLfloat'
C:\Users\nasty\Downloads\Telegram Desktop\OpenGL\191007\MySolid\MySolid\Solid.cpp(207,19): warning C4305: '=': truncation from 'double' to 'GLfloat'
C:\Users\nasty\Downloads\Telegram Desktop\OpenGL\191007\MySolid\MySolid\Solid.cpp(208,19): warning C4305: '=': truncation from 'double' to 'GLfloat'
C:\Users\nasty\Downloads\Telegram Desktop\OpenGL\191007\MySolid\MySolid\Solid.cpp(214,25): warning C4305: 'argument': truncation from 'double' to 'GLfloat'
C:\Users\nasty\Downloads\Telegram Desktop\OpenGL\191007\MySolid\MySolid\Solid.cpp(215,27): warning C4305: 'argument': truncation from 'double' to 'GLfloat'
C:\Users\nasty\Downloads\Telegram Desktop\OpenGL\191007\MySolid\MySolid\Solid.cpp(216,26): warning C4305: 'argument': truncation from 'double' to 'GLfloat'
C:\Users\nasty\Downloads\Telegram Desktop\OpenGL\191007\MySolid\MySolid\Solid.cpp(217,26): warning C4305: 'argument': truncation from 'double' to 'GLfloat'
C:\Users\nasty\Downloads\Telegram Desktop\OpenGL\191007\MySolid\MySolid\Solid.cpp(218,27): warning C4305: 'argument': truncation from 'double' to 'GLfloat'
C:\Users\nasty\Downloads\Telegram Desktop\OpenGL\191007\MySolid\MySolid\Solid.cpp(222,19): warning C4305: '=': truncation from 'double' to 'GLfloat'
C:\Users\nasty\Downloads\Telegram Desktop\OpenGL\191007\MySolid\MySolid\Solid.cpp(223,19): warning C4305: '=': truncation from 'double' to 'GLfloat'
C:\Users\nasty\Downloads\Telegram Desktop\OpenGL\191007\MySolid\MySolid\Solid.cpp(229,22): warning C4305: 'argument': truncation from 'double' to 'GLfloat'
C:\Users\nasty\Downloads\Telegram Desktop\OpenGL\191007\MySolid\MySolid\Solid.cpp(230,26): warning C4305: 'argument': truncation from 'double' to 'GLfloat'
C:\Users\nasty\Downloads\Telegram Desktop\OpenGL\191007\MySolid\MySolid\Solid.cpp(235,19): warning C4305: '=': truncation from 'double' to 'GLfloat'
C:\Users\nasty\Downloads\Telegram Desktop\OpenGL\191007\MySolid\MySolid\Solid.cpp(236,19): warning C4305: '=': truncation from 'double' to 'GLfloat'
C:\Users\nasty\Downloads\Telegram Desktop\OpenGL\191007\MySolid\MySolid\Solid.cpp(242,27): warning C4305: 'argument': truncation from 'double' to 'GLfloat'
C:\Users\nasty\Downloads\Telegram Desktop\OpenGL\191007\MySolid\MySolid\Solid.cpp(243,26): warning C4305: 'argument': truncation from 'double' to 'GLfloat'
C:\Users\nasty\Downloads\Telegram Desktop\OpenGL\191007\MySolid\MySolid\Solid.cpp(244,26): warning C4305: 'argument': truncation from 'double' to 'GLfloat'
C:\Users\nasty\Downloads\Telegram Desktop\OpenGL\191007\MySolid\MySolid\Solid.cpp(248,19): warning C4305: '=': truncation from 'double' to 'GLfloat'
C:\Users\nasty\Downloads\Telegram Desktop\OpenGL\191007\MySolid\MySolid\Solid.cpp(249,19): warning C4305: '=': truncation from 'double' to 'GLfloat'
C:\Users\nasty\Downloads\Telegram Desktop\OpenGL\191007\MySolid\MySolid\Solid.cpp(255,23): warning C4305: 'argument': truncation from 'double' to 'GLfloat'
C:\Users\nasty\Downloads\Telegram Desktop\OpenGL\191007\MySolid\MySolid\Solid.cpp(256,27): warning C4305: 'argument': truncation from 'double' to 'GLfloat'
C:\Users\nasty\Downloads\Telegram Desktop\OpenGL\191007\MySolid\MySolid\Solid.cpp(261,19): warning C4305: '=': truncation from 'double' to 'GLfloat'
C:\Users\nasty\Downloads\Telegram Desktop\OpenGL\191007\MySolid\MySolid\Solid.cpp(262,19): warning C4305: '=': truncation from 'double' to 'GLfloat'
C:\Users\nasty\Downloads\Telegram Desktop\OpenGL\191007\MySolid\MySolid\Solid.cpp(268,28): warning C4305: 'argument': truncation from 'double' to 'GLfloat'
C:\Users\nasty\Downloads\Telegram Desktop\OpenGL\191007\MySolid\MySolid\Solid.cpp(269,27): warning C4305: 'argument': truncation from 'double' to 'GLfloat'
C:\Users\nasty\Downloads\Telegram Desktop\OpenGL\191007\MySolid\MySolid\Solid.cpp(270,26): warning C4305: 'argument': truncation from 'double' to 'GLfloat'
C:\Users\nasty\Downloads\Telegram Desktop\OpenGL\191007\MySolid\MySolid\Solid.cpp(274,19): warning C4305: '=': truncation from 'double' to 'GLfloat'
C:\Users\nasty\Downloads\Telegram Desktop\OpenGL\191007\MySolid\MySolid\Solid.cpp(275,19): warning C4305: '=': truncation from 'double' to 'GLfloat'
C:\Users\nasty\Downloads\Telegram Desktop\OpenGL\191007\MySolid\MySolid\Solid.cpp(281,23): warning C4305: 'argument': truncation from 'double' to 'GLfloat'
C:\Users\nasty\Downloads\Telegram Desktop\OpenGL\191007\MySolid\MySolid\Solid.cpp(282,27): warning C4305: 'argument': truncation from 'double' to 'GLfloat'
C:\Users\nasty\Downloads\Telegram Desktop\OpenGL\191007\MySolid\MySolid\Solid.cpp(287,19): warning C4305: '=': truncation from 'double' to 'GLfloat'
C:\Users\nasty\Downloads\Telegram Desktop\OpenGL\191007\MySolid\MySolid\Solid.cpp(288,19): warning C4305: '=': truncation from 'double' to 'GLfloat'
C:\Users\nasty\Downloads\Telegram Desktop\OpenGL\191007\MySolid\MySolid\Solid.cpp(294,29): warning C4305: 'argument': truncation from 'double' to 'GLfloat'
C:\Users\nasty\Downloads\Telegram Desktop\OpenGL\191007\MySolid\MySolid\Solid.cpp(295,27): warning C4305: 'argument': truncation from 'double' to 'GLfloat'
C:\Users\nasty\Downloads\Telegram Desktop\OpenGL\191007\MySolid\MySolid\Solid.cpp(296,27): warning C4305: 'argument': truncation from 'double' to 'GLfloat'
C:\Users\nasty\Downloads\Telegram Desktop\OpenGL\191007\MySolid\MySolid\Solid.cpp(300,19): warning C4305: '=': truncation from 'double' to 'GLfloat'
C:\Users\nasty\Downloads\Telegram Desktop\OpenGL\191007\MySolid\MySolid\Solid.cpp(301,19): warning C4305: '=': truncation from 'double' to 'GLfloat'
C:\Users\nasty\Downloads\Telegram Desktop\OpenGL\191007\MySolid\MySolid\Solid.cpp(307,22): warning C4305: 'argument': truncation from 'double' to 'GLfloat'
C:\Users\nasty\Downloads\Telegram Desktop\OpenGL\191007\MySolid\MySolid\Solid.cpp(308,26): warning C4305: 'argument': truncation from 'double' to 'GLfloat'
C:\Users\nasty\Downloads\Telegram Desktop\OpenGL\191007\MySolid\MySolid\Solid.cpp(313,19): warning C4305: '=': truncation from 'double' to 'GLfloat'
C:\Users\nasty\Downloads\Telegram Desktop\OpenGL\191007\MySolid\MySolid\Solid.cpp(314,19): warning C4305: '=': truncation from 'double' to 'GLfloat'
C:\Users\nasty\Downloads\Telegram Desktop\OpenGL\191007\MySolid\MySolid\Solid.cpp(320,28): warning C4305: 'argument': truncation from 'double' to 'GLfloat'
C:\Users\nasty\Downloads\Telegram Desktop\OpenGL\191007\MySolid\MySolid\Solid.cpp(321,26): warning C4305: 'argument': truncation from 'double' to 'GLfloat'
C:\Users\nasty\Downloads\Telegram Desktop\OpenGL\191007\MySolid\MySolid\Solid.cpp(322,27): warning C4305: 'argument': truncation from 'double' to 'GLfloat'
C:\Users\nasty\Downloads\Telegram Desktop\OpenGL\191007\MySolid\MySolid\Solid.cpp(327,19): warning C4305: '=': truncation from 'double' to 'GLfloat'
C:\Users\nasty\Downloads\Telegram Desktop\OpenGL\191007\MySolid\MySolid\Solid.cpp(328,19): warning C4305: '=': truncation from 'double' to 'GLfloat'
C:\Users\nasty\Downloads\Telegram Desktop\OpenGL\191007\MySolid\MySolid\Solid.cpp(341,19): warning C4305: '=': truncation from 'double' to 'GLfloat'
C:\Users\nasty\Downloads\Telegram Desktop\OpenGL\191007\MySolid\MySolid\Solid.cpp(342,19): warning C4305: '=': truncation from 'double' to 'GLfloat'
C:\Users\nasty\Downloads\Telegram Desktop\OpenGL\191007\MySolid\MySolid\Solid.cpp(355,19): warning C4305: '=': truncation from 'double' to 'GLfloat'
C:\Users\nasty\Downloads\Telegram Desktop\OpenGL\191007\MySolid\MySolid\Solid.cpp(356,19): warning C4305: '=': truncation from 'double' to 'GLfloat'
C:\Users\nasty\Downloads\Telegram Desktop\OpenGL\191007\MySolid\MySolid\Solid.cpp(369,19): warning C4305: '=': truncation from 'double' to 'GLfloat'
C:\Users\nasty\Downloads\Telegram Desktop\OpenGL\191007\MySolid\MySolid\Solid.cpp(370,19): warning C4305: '=': truncation from 'double' to 'GLfloat'
C:\Users\nasty\Downloads\Telegram Desktop\OpenGL\191007\MySolid\MySolid\Solid.cpp(384,19): warning C4305: '=': truncation from 'double' to 'GLfloat'
C:\Users\nasty\Downloads\Telegram Desktop\OpenGL\191007\MySolid\MySolid\Solid.cpp(385,19): warning C4305: '=': truncation from 'double' to 'GLfloat'
C:\Users\nasty\Downloads\Telegram Desktop\OpenGL\191007\MySolid\MySolid\Solid.cpp(426,25): warning C4305: 'argument': truncation from 'double' to 'GLfloat'
C:\Users\nasty\Downloads\Telegram Desktop\OpenGL\191007\MySolid\MySolid\Solid.cpp(599,17): warning C4244: '+=': conversion from 'double' to 'GLfloat', possible loss of data
C:\Users\nasty\Downloads\Telegram Desktop\OpenGL\191007\MySolid\MySolid\Solid.cpp(600,17): warning C4244: '+=': conversion from 'double' to 'GLfloat', possible loss of data
C:\Users\nasty\Downloads\Telegram Desktop\OpenGL\191007\MySolid\MySolid\Solid.cpp(607,18): warning C4244: '+=': conversion from 'double' to 'GLfloat', possible loss of data
C:\Users\nasty\Downloads\Telegram Desktop\OpenGL\191007\MySolid\MySolid\Solid.cpp(609,19): warning C4244: '+=': conversion from 'double' to 'GLfloat', possible loss of data
C:\Users\nasty\Downloads\Telegram Desktop\OpenGL\191007\MySolid\MySolid\Solid.cpp(611,19): warning C4244: '+=': conversion from 'double' to 'GLfloat', possible loss of data
  MySolid.vcxproj -> C:\Users\nasty\Downloads\Telegram Desktop\OpenGL\191007\MySolid\Debug\MySolid.exe
